=== Enhanced OBINexus Docs Patent Extraction ===
Timestamp: 20250916_231737
Session Continuity: ACTIVE
Constitutional Compliance: VERIFIED
================================================

[0;32mStarting enhanced extraction...[0m

[0;34mScanning workspace: /home/obinexus/obinexus/workspace[0m
[0;34mCleaning Zone.Identifier files in /home/obinexus/obinexus/workspace...[0m
[1;33mProcessing: AITools[0m
[0;34mCleaning Zone.Identifier files in /home/obinexus/obinexus/workspace/AITools...[0m
  - No docs folder found
[1;33mProcessing: arty[0m
[0;34mCleaning Zone.Identifier files in /home/obinexus/obinexus/workspace/arty...[0m
  - No docs folder found
[1;33mProcessing: as2-splicing[0m
[0;34mCleaning Zone.Identifier files in /home/obinexus/obinexus/workspace/as2-splicing...[0m
  - No docs folder found
[1;33mProcessing: auraseal512[0m
[0;34mCleaning Zone.Identifier files in /home/obinexus/obinexus/workspace/auraseal512...[0m
[1;33m  ⚠ No extractable content in auraseal512/docs[0m
[1;33mProcessing: avatars[0m
[0;34mCleaning Zone.Identifier files in /home/obinexus/obinexus/workspace/avatars...[0m
[1;33m  ⚠ No extractable content in avatars/docs[0m
[1;33mProcessing: backups[0m
[0;34mCleaning Zone.Identifier files in /home/obinexus/obinexus/workspace/backups...[0m
  - No docs folder found
[1;33mProcessing: bioergnormics[0m
[0;34mCleaning Zone.Identifier files in /home/obinexus/obinexus/workspace/bioergnormics...[0m
  - No docs folder found
[1;33mProcessing: biz[0m
[0;34mCleaning Zone.Identifier files in /home/obinexus/obinexus/workspace/biz...[0m
  - No docs folder found
[1;33mProcessing: blueshare[0m
[0;34mCleaning Zone.Identifier files in /home/obinexus/obinexus/workspace/blueshare...[0m
  - No docs folder found
[1;33mProcessing: christmas-project[0m
[0;34mCleaning Zone.Identifier files in /home/obinexus/obinexus/workspace/christmas-project...[0m
  - No docs folder found
[1;33mProcessing: community[0m
[0;34mCleaning Zone.Identifier files in /home/obinexus/obinexus/workspace/community...[0m
  - No docs folder found
[1;33mProcessing: COOL[0m
[0;34mCleaning Zone.Identifier files in /home/obinexus/obinexus/workspace/COOL...[0m
  - No docs folder found
[1;33mProcessing: development[0m
[0;34mCleaning Zone.Identifier files in /home/obinexus/obinexus/workspace/development...[0m
  - No docs folder found
[1;33mProcessing: diramc[0m
[0;34mCleaning Zone.Identifier files in /home/obinexus/obinexus/workspace/diramc...[0m
[1;33m  ⚠ No extractable content in diramc/docs[0m
[1;33mProcessing: FreePalestine[0m
[0;34mCleaning Zone.Identifier files in /home/obinexus/obinexus/workspace/FreePalestine...[0m
  - No docs folder found
[1;33mProcessing: gameplex[0m
[0;34mCleaning Zone.Identifier files in /home/obinexus/obinexus/workspace/gameplex...[0m
  - No docs folder found
[1;33mProcessing: gatein[0m
[0;34mCleaning Zone.Identifier files in /home/obinexus/obinexus/workspace/gatein...[0m
  - No docs folder found
[1;33mProcessing: gating[0m
[0;34mCleaning Zone.Identifier files in /home/obinexus/obinexus/workspace/gating...[0m
[1;33m  ⚠ No extractable content in gating/docs[0m
[1;33mProcessing: gini[0m
[0;34mCleaning Zone.Identifier files in /home/obinexus/obinexus/workspace/gini...[0m
[1;33m  ⚠ No extractable content in gini/docs[0m
[1;33mProcessing: giq[0m
[0;34mCleaning Zone.Identifier files in /home/obinexus/obinexus/workspace/giq...[0m
  - No docs folder found
[1;33mProcessing: gitbook-sdx-adapter[0m
[0;34mCleaning Zone.Identifier files in /home/obinexus/obinexus/workspace/gitbook-sdx-adapter...[0m
  - No docs folder found
[1;33mProcessing: gitbook-sdx-adapter.bak[0m
[0;34mCleaning Zone.Identifier files in /home/obinexus/obinexus/workspace/gitbook-sdx-adapter.bak...[0m
  - No docs folder found
[1;33mProcessing: gitbook-sdx-adapter-old[0m
[0;34mCleaning Zone.Identifier files in /home/obinexus/obinexus/workspace/gitbook-sdx-adapter-old...[0m
  - No docs folder found
[1;33mProcessing: git-raf[0m
[0;34mCleaning Zone.Identifier files in /home/obinexus/obinexus/workspace/git-raf...[0m
[1;33m  ⚠ No extractable content in git-raf/docs[0m
[1;33mProcessing: git-sdx[0m
[0;34mCleaning Zone.Identifier files in /home/obinexus/obinexus/workspace/git-sdx...[0m
[1;33m  ⚠ No extractable content in git-sdx/docs[0m
[1;33mProcessing: gosilabs[0m
[0;34mCleaning Zone.Identifier files in /home/obinexus/obinexus/workspace/gosilabs...[0m
[1;33m  ⚠ No extractable content in gosilabs/docs[0m
[1;33mProcessing: housing_crisis_prompt[0m
[0;34mCleaning Zone.Identifier files in /home/obinexus/obinexus/workspace/housing_crisis_prompt...[0m
  - No docs folder found
[1;33mProcessing: iaas[0m
[0;34mCleaning Zone.Identifier files in /home/obinexus/obinexus/workspace/iaas...[0m
[1;33m  ⚠ No extractable content in iaas/docs[0m
[1;33mProcessing: iwu[0m
[0;34mCleaning Zone.Identifier files in /home/obinexus/obinexus/workspace/iwu...[0m
[1;33m  ⚠ No extractable content in iwu/docs[0m
[1;33mProcessing: iwu_backup_20250910_161103[0m
[0;34mCleaning Zone.Identifier files in /home/obinexus/obinexus/workspace/iwu_backup_20250910_161103...[0m
[1;33m  ⚠ No extractable content in iwu_backup_20250910_161103/docs[0m
[1;33mProcessing: iwu_reform[0m
[0;34mCleaning Zone.Identifier files in /home/obinexus/obinexus/workspace/iwu_reform...[0m
  - No docs folder found
[1;33mProcessing: journal[0m
[0;34mCleaning Zone.Identifier files in /home/obinexus/obinexus/workspace/journal...[0m
  - No docs folder found
[1;33mProcessing: legal[0m
[0;34mCleaning Zone.Identifier files in /home/obinexus/obinexus/workspace/legal...[0m
  - No docs folder found
[1;33mProcessing: libpolycall[0m
[0;34mCleaning Zone.Identifier files in /home/obinexus/obinexus/workspace/libpolycall...[0m
[1;33m  ⚠ No extractable content in libpolycall/docs[0m
[1;33mProcessing: LICENSE[0m
[0;34mCleaning Zone.Identifier files in /home/obinexus/obinexus/workspace/LICENSE...[0m
  - No docs folder found
[1;33mProcessing: MEMO_PROJECT_dimensional_game[0m
[0;34mCleaning Zone.Identifier files in /home/obinexus/obinexus/workspace/MEMO_PROJECT_dimensional_game...[0m
  - No docs folder found
[1;33mProcessing: MEMO_PROJECT_sensor_theory[0m
[0;34mCleaning Zone.Identifier files in /home/obinexus/obinexus/workspace/MEMO_PROJECT_sensor_theory...[0m
  - No docs folder found
[1;33mProcessing: mmuko-connect[0m
[0;34mCleaning Zone.Identifier files in /home/obinexus/obinexus/workspace/mmuko-connect...[0m
  - No docs folder found
[1;33mProcessing: mmuko-glimpse[0m
[0;34mCleaning Zone.Identifier files in /home/obinexus/obinexus/workspace/mmuko-glimpse...[0m
  - No docs folder found
[1;33mProcessing: mmuko-studios[0m
[0;34mCleaning Zone.Identifier files in /home/obinexus/obinexus/workspace/mmuko-studios...[0m
  - No docs folder found
[1;33mProcessing: mmuoko-connect[0m
[0;34mCleaning Zone.Identifier files in /home/obinexus/obinexus/workspace/mmuoko-connect...[0m
  - No docs folder found
[1;33mProcessing: MVPs[0m
[0;34mCleaning Zone.Identifier files in /home/obinexus/obinexus/workspace/MVPs...[0m
  - No docs folder found
[1;33mProcessing: New folder[0m
[0;34mCleaning Zone.Identifier files in /home/obinexus/obinexus/workspace/New folder...[0m
  - No docs folder found
[1;33mProcessing: nexus-search[0m
[0;34mCleaning Zone.Identifier files in /home/obinexus/obinexus/workspace/nexus-search...[0m
  - No docs folder found
[1;33mProcessing: nlm_atlas[0m
[0;34mCleaning Zone.Identifier files in /home/obinexus/obinexus/workspace/nlm_atlas...[0m
  - No docs folder found
[1;33mProcessing: nlm_framework[0m
[0;34mCleaning Zone.Identifier files in /home/obinexus/obinexus/workspace/nlm_framework...[0m
  - No docs folder found
[1;33mProcessing: node-zero[0m
[0;34mCleaning Zone.Identifier files in /home/obinexus/obinexus/workspace/node-zero...[0m
[1;33m  ⚠ No extractable content in node-zero/docs[0m
[1;33mProcessing: obielf[0m
[0;34mCleaning Zone.Identifier files in /home/obinexus/obinexus/workspace/obielf...[0m
[1;33m  ⚠ No extractable content in obielf/docs[0m
[1;33mProcessing: obinexus[0m
[0;34mCleaning Zone.Identifier files in /home/obinexus/obinexus/workspace/obinexus...[0m
[1;33m  ⚠ No extractable content in obinexus/docs[0m
[1;33mProcessing: obivox[0m
[0;34mCleaning Zone.Identifier files in /home/obinexus/obinexus/workspace/obivox...[0m
  - No docs folder found
[1;33mProcessing: obix[0m
[0;34mCleaning Zone.Identifier files in /home/obinexus/obinexus/workspace/obix...[0m
  - No docs folder found
[1;33mProcessing: ogike-core[0m
[0;34mCleaning Zone.Identifier files in /home/obinexus/obinexus/workspace/ogike-core...[0m
[1;33m  ⚠ No extractable content in ogike-core/docs[0m
[1;33mProcessing: opensense-infrastructure[0m
[0;34mCleaning Zone.Identifier files in /home/obinexus/obinexus/workspace/opensense-infrastructure...[0m
[1;33m  ⚠ No extractable content in opensense-infrastructure/docs[0m
[1;33mProcessing: opensense-motion[0m
[0;34mCleaning Zone.Identifier files in /home/obinexus/obinexus/workspace/opensense-motion...[0m
  - No docs folder found
[1;33mProcessing: PBCLI_Phenomic_Brian_Computing_Lensing_Interface[0m
[0;34mCleaning Zone.Identifier files in /home/obinexus/obinexus/workspace/PBCLI_Phenomic_Brian_Computing_Lensing_Interface...[0m
[1;33m  ⚠ No extractable content in PBCLI_Phenomic_Brian_Computing_Lensing_Interface/docs[0m
[1;33mProcessing: pencall[0m
[0;34mCleaning Zone.Identifier files in /home/obinexus/obinexus/workspace/pencall...[0m
  - No docs folder found
[1;33mProcessing: phantomid[0m
[0;34mCleaning Zone.Identifier files in /home/obinexus/obinexus/workspace/phantomid...[0m
  - No docs folder found
[1;33mProcessing: phenomic_lensing_protocol[0m
[0;34mCleaning Zone.Identifier files in /home/obinexus/obinexus/workspace/phenomic_lensing_protocol...[0m
  - No docs folder found
[1;33mProcessing: pi[0m
[0;34mCleaning Zone.Identifier files in /home/obinexus/obinexus/workspace/pi...[0m
[1;33m  ⚠ No extractable content in pi/docs[0m
[1;33mProcessing: polycall[0m
[0;34mCleaning Zone.Identifier files in /home/obinexus/obinexus/workspace/polycall...[0m
[1;33m  ⚠ No extractable content in polycall/docs[0m
[1;33mProcessing: puppet-method-protocol[0m
[0;34mCleaning Zone.Identifier files in /home/obinexus/obinexus/workspace/puppet-method-protocol...[0m
  - No docs folder found
[1;33mProcessing: qft_iso[0m
[0;34mCleaning Zone.Identifier files in /home/obinexus/obinexus/workspace/qft_iso...[0m
[1;33m  ⚠ No extractable content in qft_iso/docs[0m
[1;33mProcessing: qft-threat-modelling[0m
[0;34mCleaning Zone.Identifier files in /home/obinexus/obinexus/workspace/qft-threat-modelling...[0m
[1;33m  ⚠ No extractable content in qft-threat-modelling/docs[0m
[1;33mProcessing: research[0m
[0;34mCleaning Zone.Identifier files in /home/obinexus/obinexus/workspace/research...[0m
  - No docs folder found
[1;33mProcessing: rift[0m
[0;34mCleaning Zone.Identifier files in /home/obinexus/obinexus/workspace/rift...[0m
  - No docs folder found
[1;33mProcessing: riftarch[0m
[0;34mCleaning Zone.Identifier files in /home/obinexus/obinexus/workspace/riftarch...[0m
  - No docs folder found
[1;33mProcessing: riftaux[0m
[0;34mCleaning Zone.Identifier files in /home/obinexus/obinexus/workspace/riftaux...[0m
  - No docs folder found
[1;33mProcessing: riftbridge[0m
[0;34mCleaning Zone.Identifier files in /home/obinexus/obinexus/workspace/riftbridge...[0m
  - No docs folder found
[1;33mProcessing: rifters_way[0m
[0;34mCleaning Zone.Identifier files in /home/obinexus/obinexus/workspace/rifters_way...[0m
  - No docs folder found
[1;33mProcessing: riftest[0m
[0;34mCleaning Zone.Identifier files in /home/obinexus/obinexus/workspace/riftest...[0m
  - No docs folder found
[1;33mProcessing: riftgov[0m
[0;34mCleaning Zone.Identifier files in /home/obinexus/obinexus/workspace/riftgov...[0m
  - No docs folder found
[1;33mProcessing: riftin[0m
[0;34mCleaning Zone.Identifier files in /home/obinexus/obinexus/workspace/riftin...[0m
  - No docs folder found
[1;33mProcessing: rift-iq[0m
[0;34mCleaning Zone.Identifier files in /home/obinexus/obinexus/workspace/rift-iq...[0m
  - No docs folder found
[1;33mProcessing: riftiwu[0m
[0;34mCleaning Zone.Identifier files in /home/obinexus/obinexus/workspace/riftiwu...[0m
  - No docs folder found
[1;33mProcessing: riftlang[0m
[0;34mCleaning Zone.Identifier files in /home/obinexus/obinexus/workspace/riftlang...[0m
[1;33m  ⚠ No extractable content in riftlang/docs[0m
[1;33mProcessing: rift-N[0m
[0;34mCleaning Zone.Identifier files in /home/obinexus/obinexus/workspace/rift-N...[0m
[1;33m  ⚠ No extractable content in rift-N/docs[0m
[1;33mProcessing: riftraf[0m
[0;34mCleaning Zone.Identifier files in /home/obinexus/obinexus/workspace/riftraf...[0m
  - No docs folder found
[1;33mProcessing: riftsdx[0m
[0;34mCleaning Zone.Identifier files in /home/obinexus/obinexus/workspace/riftsdx...[0m
  - No docs folder found
[1;33mProcessing: riftylabs-2025[0m
[0;34mCleaning Zone.Identifier files in /home/obinexus/obinexus/workspace/riftylabs-2025...[0m
  - No docs folder found
[1;33mProcessing: rust-semverx[0m
[0;34mCleaning Zone.Identifier files in /home/obinexus/obinexus/workspace/rust-semverx...[0m
  - No docs folder found
[1;33mProcessing: services[0m
[0;34mCleaning Zone.Identifier files in /home/obinexus/obinexus/workspace/services...[0m
  - No docs folder found
[1;33mProcessing: textbooks-entries[0m
[0;34mCleaning Zone.Identifier files in /home/obinexus/obinexus/workspace/textbooks-entries...[0m
  - No docs folder found
[1;33mProcessing: U_frameworks[0m
[0;34mCleaning Zone.Identifier files in /home/obinexus/obinexus/workspace/U_frameworks...[0m
  - No docs folder found
[1;33mProcessing: V[0m
[0;34mCleaning Zone.Identifier files in /home/obinexus/obinexus/workspace/V...[0m
  - No docs folder found
[1;33mProcessing: Videos[0m
[0;34mCleaning Zone.Identifier files in /home/obinexus/obinexus/workspace/Videos...[0m
  - No docs folder found
[1;33mProcessing: yt[0m
[0;34mCleaning Zone.Identifier files in /home/obinexus/obinexus/workspace/yt...[0m
  - No docs folder found
[0;34mScanning workspace: .[0m
[0;34mCleaning Zone.Identifier files in ....[0m
[1;33mProcessing: AITools[0m
[0;34mCleaning Zone.Identifier files in ./AITools...[0m
  - No docs folder found
[1;33mProcessing: arty[0m
[0;34mCleaning Zone.Identifier files in ./arty...[0m
  - No docs folder found
[1;33mProcessing: as2-splicing[0m
[0;34mCleaning Zone.Identifier files in ./as2-splicing...[0m
  - No docs folder found
[1;33mProcessing: auraseal512[0m
[0;34mCleaning Zone.Identifier files in ./auraseal512...[0m
[1;33m  ⚠ No extractable content in auraseal512/docs[0m
[1;33mProcessing: avatars[0m
[0;34mCleaning Zone.Identifier files in ./avatars...[0m
[1;33m  ⚠ No extractable content in avatars/docs[0m
[1;33mProcessing: backups[0m
[0;34mCleaning Zone.Identifier files in ./backups...[0m
  - No docs folder found
[1;33mProcessing: bioergnormics[0m
[0;34mCleaning Zone.Identifier files in ./bioergnormics...[0m
  - No docs folder found
[1;33mProcessing: biz[0m
[0;34mCleaning Zone.Identifier files in ./biz...[0m
  - No docs folder found
[1;33mProcessing: blueshare[0m
[0;34mCleaning Zone.Identifier files in ./blueshare...[0m
  - No docs folder found
[1;33mProcessing: christmas-project[0m
[0;34mCleaning Zone.Identifier files in ./christmas-project...[0m
  - No docs folder found
[1;33mProcessing: community[0m
[0;34mCleaning Zone.Identifier files in ./community...[0m
  - No docs folder found
[1;33mProcessing: COOL[0m
[0;34mCleaning Zone.Identifier files in ./COOL...[0m
  - No docs folder found
[1;33mProcessing: development[0m
[0;34mCleaning Zone.Identifier files in ./development...[0m
  - No docs folder found
[1;33mProcessing: diramc[0m
[0;34mCleaning Zone.Identifier files in ./diramc...[0m
[1;33m  ⚠ No extractable content in diramc/docs[0m
[1;33mProcessing: FreePalestine[0m
[0;34mCleaning Zone.Identifier files in ./FreePalestine...[0m
  - No docs folder found
[1;33mProcessing: gameplex[0m
[0;34mCleaning Zone.Identifier files in ./gameplex...[0m
  - No docs folder found
[1;33mProcessing: gatein[0m
[0;34mCleaning Zone.Identifier files in ./gatein...[0m
  - No docs folder found
[1;33mProcessing: gating[0m
[0;34mCleaning Zone.Identifier files in ./gating...[0m
[1;33m  ⚠ No extractable content in gating/docs[0m
[1;33mProcessing: gini[0m
[0;34mCleaning Zone.Identifier files in ./gini...[0m
[1;33m  ⚠ No extractable content in gini/docs[0m
[1;33mProcessing: giq[0m
[0;34mCleaning Zone.Identifier files in ./giq...[0m
  - No docs folder found
[1;33mProcessing: gitbook-sdx-adapter[0m
[0;34mCleaning Zone.Identifier files in ./gitbook-sdx-adapter...[0m
  - No docs folder found
[1;33mProcessing: gitbook-sdx-adapter.bak[0m
[0;34mCleaning Zone.Identifier files in ./gitbook-sdx-adapter.bak...[0m
  - No docs folder found
[1;33mProcessing: gitbook-sdx-adapter-old[0m
[0;34mCleaning Zone.Identifier files in ./gitbook-sdx-adapter-old...[0m
  - No docs folder found
[1;33mProcessing: git-raf[0m
[0;34mCleaning Zone.Identifier files in ./git-raf...[0m
[1;33m  ⚠ No extractable content in git-raf/docs[0m
[1;33mProcessing: git-sdx[0m
[0;34mCleaning Zone.Identifier files in ./git-sdx...[0m
[1;33m  ⚠ No extractable content in git-sdx/docs[0m
[1;33mProcessing: gosilabs[0m
[0;34mCleaning Zone.Identifier files in ./gosilabs...[0m
[1;33m  ⚠ No extractable content in gosilabs/docs[0m
[1;33mProcessing: housing_crisis_prompt[0m
[0;34mCleaning Zone.Identifier files in ./housing_crisis_prompt...[0m
  - No docs folder found
[1;33mProcessing: iaas[0m
[0;34mCleaning Zone.Identifier files in ./iaas...[0m
[1;33m  ⚠ No extractable content in iaas/docs[0m
[1;33mProcessing: iwu[0m
[0;34mCleaning Zone.Identifier files in ./iwu...[0m
[1;33m  ⚠ No extractable content in iwu/docs[0m
[1;33mProcessing: iwu_backup_20250910_161103[0m
[0;34mCleaning Zone.Identifier files in ./iwu_backup_20250910_161103...[0m
[1;33m  ⚠ No extractable content in iwu_backup_20250910_161103/docs[0m
[1;33mProcessing: iwu_reform[0m
[0;34mCleaning Zone.Identifier files in ./iwu_reform...[0m
  - No docs folder found
[1;33mProcessing: journal[0m
[0;34mCleaning Zone.Identifier files in ./journal...[0m
  - No docs folder found
[1;33mProcessing: legal[0m
[0;34mCleaning Zone.Identifier files in ./legal...[0m
  - No docs folder found
[1;33mProcessing: libpolycall[0m
[0;34mCleaning Zone.Identifier files in ./libpolycall...[0m
[1;33m  ⚠ No extractable content in libpolycall/docs[0m
[1;33mProcessing: LICENSE[0m
[0;34mCleaning Zone.Identifier files in ./LICENSE...[0m
  - No docs folder found
[1;33mProcessing: MEMO_PROJECT_dimensional_game[0m
[0;34mCleaning Zone.Identifier files in ./MEMO_PROJECT_dimensional_game...[0m
  - No docs folder found
[1;33mProcessing: MEMO_PROJECT_sensor_theory[0m
[0;34mCleaning Zone.Identifier files in ./MEMO_PROJECT_sensor_theory...[0m
  - No docs folder found
[1;33mProcessing: mmuko-connect[0m
[0;34mCleaning Zone.Identifier files in ./mmuko-connect...[0m
  - No docs folder found
[1;33mProcessing: mmuko-glimpse[0m
[0;34mCleaning Zone.Identifier files in ./mmuko-glimpse...[0m
  - No docs folder found
[1;33mProcessing: mmuko-studios[0m
[0;34mCleaning Zone.Identifier files in ./mmuko-studios...[0m
  - No docs folder found
[1;33mProcessing: mmuoko-connect[0m
[0;34mCleaning Zone.Identifier files in ./mmuoko-connect...[0m
  - No docs folder found
[1;33mProcessing: MVPs[0m
[0;34mCleaning Zone.Identifier files in ./MVPs...[0m
  - No docs folder found
[1;33mProcessing: New folder[0m
[0;34mCleaning Zone.Identifier files in ./New folder...[0m
  - No docs folder found
[1;33mProcessing: nexus-search[0m
[0;34mCleaning Zone.Identifier files in ./nexus-search...[0m
  - No docs folder found
[1;33mProcessing: nlm_atlas[0m
[0;34mCleaning Zone.Identifier files in ./nlm_atlas...[0m
  - No docs folder found
[1;33mProcessing: nlm_framework[0m
[0;34mCleaning Zone.Identifier files in ./nlm_framework...[0m
  - No docs folder found
[1;33mProcessing: node-zero[0m
[0;34mCleaning Zone.Identifier files in ./node-zero...[0m
[1;33m  ⚠ No extractable content in node-zero/docs[0m
[1;33mProcessing: obielf[0m
[0;34mCleaning Zone.Identifier files in ./obielf...[0m
[1;33m  ⚠ No extractable content in obielf/docs[0m
[1;33mProcessing: obinexus[0m
[0;34mCleaning Zone.Identifier files in ./obinexus...[0m
[1;33m  ⚠ No extractable content in obinexus/docs[0m
[1;33mProcessing: obivox[0m
[0;34mCleaning Zone.Identifier files in ./obivox...[0m
  - No docs folder found
[1;33mProcessing: obix[0m
[0;34mCleaning Zone.Identifier files in ./obix...[0m
  - No docs folder found
[1;33mProcessing: ogike-core[0m
[0;34mCleaning Zone.Identifier files in ./ogike-core...[0m
[1;33m  ⚠ No extractable content in ogike-core/docs[0m
[1;33mProcessing: opensense-infrastructure[0m
[0;34mCleaning Zone.Identifier files in ./opensense-infrastructure...[0m
[1;33m  ⚠ No extractable content in opensense-infrastructure/docs[0m
[1;33mProcessing: opensense-motion[0m
[0;34mCleaning Zone.Identifier files in ./opensense-motion...[0m
  - No docs folder found
[1;33mProcessing: PBCLI_Phenomic_Brian_Computing_Lensing_Interface[0m
[0;34mCleaning Zone.Identifier files in ./PBCLI_Phenomic_Brian_Computing_Lensing_Interface...[0m
[1;33m  ⚠ No extractable content in PBCLI_Phenomic_Brian_Computing_Lensing_Interface/docs[0m
[1;33mProcessing: pencall[0m
[0;34mCleaning Zone.Identifier files in ./pencall...[0m
  - No docs folder found
[1;33mProcessing: phantomid[0m
[0;34mCleaning Zone.Identifier files in ./phantomid...[0m
  - No docs folder found
[1;33mProcessing: phenomic_lensing_protocol[0m
[0;34mCleaning Zone.Identifier files in ./phenomic_lensing_protocol...[0m
  - No docs folder found
[1;33mProcessing: pi[0m
[0;34mCleaning Zone.Identifier files in ./pi...[0m
[1;33m  ⚠ No extractable content in pi/docs[0m
[1;33mProcessing: polycall[0m
[0;34mCleaning Zone.Identifier files in ./polycall...[0m
[1;33m  ⚠ No extractable content in polycall/docs[0m
[1;33mProcessing: puppet-method-protocol[0m
[0;34mCleaning Zone.Identifier files in ./puppet-method-protocol...[0m
  - No docs folder found
[1;33mProcessing: qft_iso[0m
[0;34mCleaning Zone.Identifier files in ./qft_iso...[0m
[1;33m  ⚠ No extractable content in qft_iso/docs[0m
[1;33mProcessing: qft-threat-modelling[0m
[0;34mCleaning Zone.Identifier files in ./qft-threat-modelling...[0m
[1;33m  ⚠ No extractable content in qft-threat-modelling/docs[0m
[1;33mProcessing: research[0m
[0;34mCleaning Zone.Identifier files in ./research...[0m
  - No docs folder found
[1;33mProcessing: rift[0m
[0;34mCleaning Zone.Identifier files in ./rift...[0m
  - No docs folder found
[1;33mProcessing: riftarch[0m
[0;34mCleaning Zone.Identifier files in ./riftarch...[0m
  - No docs folder found
[1;33mProcessing: riftaux[0m
[0;34mCleaning Zone.Identifier files in ./riftaux...[0m
  - No docs folder found
[1;33mProcessing: riftbridge[0m
[0;34mCleaning Zone.Identifier files in ./riftbridge...[0m
  - No docs folder found
[1;33mProcessing: rifters_way[0m
[0;34mCleaning Zone.Identifier files in ./rifters_way...[0m
  - No docs folder found
[1;33mProcessing: riftest[0m
[0;34mCleaning Zone.Identifier files in ./riftest...[0m
  - No docs folder found
[1;33mProcessing: riftgov[0m
[0;34mCleaning Zone.Identifier files in ./riftgov...[0m
  - No docs folder found
[1;33mProcessing: riftin[0m
[0;34mCleaning Zone.Identifier files in ./riftin...[0m
  - No docs folder found
[1;33mProcessing: rift-iq[0m
[0;34mCleaning Zone.Identifier files in ./rift-iq...[0m
  - No docs folder found
[1;33mProcessing: riftiwu[0m
[0;34mCleaning Zone.Identifier files in ./riftiwu...[0m
  - No docs folder found
[1;33mProcessing: riftlang[0m
[0;34mCleaning Zone.Identifier files in ./riftlang...[0m
[1;33m  ⚠ No extractable content in riftlang/docs[0m
[1;33mProcessing: rift-N[0m
[0;34mCleaning Zone.Identifier files in ./rift-N...[0m
[1;33m  ⚠ No extractable content in rift-N/docs[0m
[1;33mProcessing: riftraf[0m
[0;34mCleaning Zone.Identifier files in ./riftraf...[0m
  - No docs folder found
[1;33mProcessing: riftsdx[0m
[0;34mCleaning Zone.Identifier files in ./riftsdx...[0m
  - No docs folder found
[1;33mProcessing: riftylabs-2025[0m
[0;34mCleaning Zone.Identifier files in ./riftylabs-2025...[0m
  - No docs folder found
[1;33mProcessing: rust-semverx[0m
[0;34mCleaning Zone.Identifier files in ./rust-semverx...[0m
  - No docs folder found
[1;33mProcessing: services[0m
[0;34mCleaning Zone.Identifier files in ./services...[0m
  - No docs folder found
[1;33mProcessing: textbooks-entries[0m
[0;34mCleaning Zone.Identifier files in ./textbooks-entries...[0m
  - No docs folder found
[1;33mProcessing: U_frameworks[0m
[0;34mCleaning Zone.Identifier files in ./U_frameworks...[0m
  - No docs folder found
[1;33mProcessing: V[0m
[0;34mCleaning Zone.Identifier files in ./V...[0m
  - No docs folder found
[1;33mProcessing: Videos[0m
[0;34mCleaning Zone.Identifier files in ./Videos...[0m
  - No docs folder found
[1;33mProcessing: yt[0m
[0;34mCleaning Zone.Identifier files in ./yt...[0m
  - No docs folder found

[0;32m=== Extraction Complete ===[0m
┌─────────────────────────────────────────┐
│         EXTRACTION SUMMARY              │
├─────────────────────────────────────────┤
│ Repositories Found:        172
│ Docs Extracted:            0
│ Zone Files Cleaned:        0
│ Patents Directory:         ./patents
│ Master Index:              LATEST_INDEX.txt
│ Session Marker:            LATEST_SESSION
└─────────────────────────────────────────┘

[0;32mSession continuity maintained per OBINexus framework.[0m
[0;34m#NoGhosting - Documentation preserved for patent filing.[0m
