
============================================================
OBINexus Patent Documentation Extraction System
============================================================
Timestamp: 20250916_231843
Session ID: OBINEXUS_20250916_231843
PhantomID: e66dc6fb-78cf-4ff5-b235-51fcb485dcc9
Coherence: 0.954
Constitutional Compliance: VERIFIED
============================================================

Processing: biz
  No docs folder in biz
Processing: LICENSE
  No docs folder in LICENSE
Processing: riftsdx
  No docs folder in riftsdx
Processing: legal
  No docs folder in legal
Processing: nexus-search
  No docs folder in nexus-search
Processing: libpolycall
